<?xml version="1.0" encoding="UTF-8"?>
<testsuite xmlns:xsi="http://www.w3.org/2001/XMLSchema-instance" xsi:noNamespaceSchemaLocation="https://maven.apache.org/surefire/maven-surefire-plugin/xsd/surefire-test-report.xsd" version="3.0.2" name="com.bamartrod.monolith.client.web.EnrichmentApiControllerTest" time="0.228" tests="4" errors="0" skipped="0" failures="0">
  <properties>
[...]
</properties>
  <testcase name="getProducts_shouldReturn200" classname="com.bamartrod.monolith.client.web.EnrichmentApiControllerTest" time="0.078">
    <system-out><![CDATA[09:36:50.215 [main] INFO org.springframework.mock.web.MockServletContext -- Initializing Spring TestDispatcherServlet ''
09:36:50.215 [main] INFO org.springframework.test.web.servlet.TestDispatcherServlet -- Initializing Servlet ''
09:36:50.215 [main] INFO org.springframework.test.web.servlet.TestDispatcherServlet -- Completed initialization in 0 ms
]]></system-out>
  </testcase>
  <testcase name="getDestinations_shouldReturn200" classname="com.bamartrod.monolith.client.web.EnrichmentApiControllerTest" time="0.053">
    <system-out><![CDATA[09:36:50.271 [main] INFO org.springframework.mock.web.MockServletContext -- Initializing Spring TestDispatcherServlet ''
09:36:50.272 [main] INFO org.springframework.test.web.servlet.TestDispatcherServlet -- Initializing Servlet ''
09:36:50.272 [main] INFO org.springframework.test.web.servlet.TestDispatcherServlet -- Completed initialization in 0 ms
]]></system-out>
  </testcase>
  <testcase name="getBelongsDocument_shouldReturn200" classname="com.bamartrod.monolith.client.web.EnrichmentApiControllerTest" time="0.062">
    <system-out><![CDATA[09:36:50.330 [main] INFO org.springframework.mock.web.MockServletContext -- Initializing Spring TestDispatcherServlet ''
09:36:50.330 [main] INFO org.springframework.test.web.servlet.TestDispatcherServlet -- Initializing Servlet ''
09:36:50.330 [main] INFO org.springframework.test.web.servlet.TestDispatcherServlet -- Completed initialization in 0 ms
]]></system-out>
  </testcase>
  <testcase name="getBelongsDocument_shouldReturn404WhenNotFound" classname="com.bamartrod.monolith.client.web.EnrichmentApiControllerTest" time="0.023">
    <system-out><![CDATA[09:36:50.382 [main] INFO org.springframework.mock.web.MockServletContext -- Initializing Spring TestDispatcherServlet ''
09:36:50.382 [main] INFO org.springframework.test.web.servlet.TestDispatcherServlet -- Initializing Servlet ''
09:36:50.383 [main] INFO org.springframework.test.web.servlet.TestDispatcherServlet -- Completed initialization in 1 ms
]]></system-out>
  </testcase>
</testsuite>